build/app/intermediates/manifest_merge_blame_file/debug/manifest-merger-blame-debug-report.txt
1<?xml version="1.0" encoding="utf-8"?>
2<manifest xmlns:android="http://schemas.android.com/apk/res/android"
3    package="com.intishaka.ops_mobile"
4    android:versionCode="1"
5    android:versionName="1.0.0" >
6
7    <uses-sdk
8        android:minSdkVersion="21"
9        android:targetSdkVersion="34" />
10    <!--
11         The INTERNET permission is required for development. Specifically,
12         the Flutter tool needs it to communicate with the running application
13         to allow setting breakpoints, to provide hot reload, etc.
14    -->
15    <uses-permission android:name="android.permission.INTERNET" />
15-->src/debug/AndroidManifest.xml:6:5-66
15-->src/debug/AndroidManifest.xml:6:22-64
16    <uses-permission android:name="android.permission.ACCESS_NETWORK_STATE" />
16-->[:connectivity_plus] AndroidManifest.xml:7:5-79
16-->[:connectivity_plus] AndroidManifest.xml:7:22-76
17    <uses-permission
17-->[:file_picker] AndroidManifest.xml:7:5-9:38
18        android:name="android.permission.READ_EXTERNAL_STORAGE"
18-->[:file_picker] AndroidManifest.xml:8:9-64
19        android:maxSdkVersion="32" />
19-->[:file_picker] AndroidManifest.xml:9:9-35
20
21    <queries>
21-->[:file_picker] AndroidManifest.xml:11:5-17:15
22        <intent>
22-->[:file_picker] AndroidManifest.xml:12:9-16:18
23            <action android:name="android.intent.action.GET_CONTENT" />
23-->[:file_picker] AndroidManifest.xml:13:13-72
23-->[:file_picker] AndroidManifest.xml:13:21-69
24
25            <data android:mimeType="*/*" />
25-->[:file_picker] AndroidManifest.xml:15:13-44
25-->[:file_picker] AndroidManifest.xml:15:19-41
26        </intent>
27        <intent>
27-->[:flutter_inappwebview_android] AndroidManifest.xml:8:9-10:18
28            <action android:name="android.support.customtabs.action.CustomTabsService" />
28-->[:flutter_inappwebview_android] AndroidManifest.xml:9:13-90
28-->[:flutter_inappwebview_android] AndroidManifest.xml:9:21-87
29        </intent>
30    </queries>
31
32    <uses-permission android:name="android.permission.WAKE_LOCK" /> <!-- Permissions options for the `notification` group -->
32-->[:firebase_messaging] AndroidManifest.xml:8:5-68
32-->[:firebase_messaging] AndroidManifest.xml:8:22-65
33    <uses-permission android:name="android.permission.POST_NOTIFICATIONS" />
33-->[:firebase_messaging] AndroidManifest.xml:11:5-77
33-->[:firebase_messaging] AndroidManifest.xml:11:22-74
34    <uses-permission android:name="android.permission.VIBRATE" />
34-->[:flutter_local_notifications] AndroidManifest.xml:7:5-66
34-->[:flutter_local_notifications] AndroidManifest.xml:7:22-63
35    <uses-permission android:name="android.permission.READ_MEDIA_IMAGES" />
35-->[:open_filex] AndroidManifest.xml:11:5-76
35-->[:open_filex] AndroidManifest.xml:11:22-73
36    <uses-permission android:name="android.permission.READ_MEDIA_VIDEO" />
36-->[:open_filex] AndroidManifest.xml:12:5-75
36-->[:open_filex] AndroidManifest.xml:12:22-72
37    <uses-permission android:name="android.permission.READ_MEDIA_AUDIO" /> <!-- Required by older versions of Google Play services to create IID tokens -->
37-->[:open_filex] AndroidManifest.xml:13:5-75
37-->[:open_filex] AndroidManifest.xml:13:22-72
38    <uses-permission android:name="com.google.android.c2dm.permission.RECEIVE" />
38-->[com.google.firebase:firebase-messaging:24.0.1] AndroidManifest.xml:26:5-82
38-->[com.google.firebase:firebase-messaging:24.0.1] AndroidManifest.xml:26:22-79
39
40    <permission
40-->[androidx.core:core:1.13.1] AndroidManifest.xml:22:5-24:47
41        android:name="com.intishaka.ops_mobile.DYNAMIC_RECEIVER_NOT_EXPORTED_PERMISSION"
41-->[androidx.core:core:1.13.1] AndroidManifest.xml:23:9-81
42        android:protectionLevel="signature" />
42-->[androidx.core:core:1.13.1] AndroidManifest.xml:24:9-44
43
44    <uses-permission android:name="com.intishaka.ops_mobile.DYNAMIC_RECEIVER_NOT_EXPORTED_PERMISSION" />
44-->[androidx.core:core:1.13.1] AndroidManifest.xml:26:5-97
44-->[androidx.core:core:1.13.1] AndroidManifest.xml:26:22-94
45
46    <application
47        android:name="android.app.Application"
48        android:appComponentFactory="androidx.core.app.CoreComponentFactory"
48-->[androidx.core:core:1.13.1] AndroidManifest.xml:28:18-86
49        android:debuggable="true"
50        android:icon="@mipmap/ic_launcher"
51        android:label="ops_mobile" >
52        <activity
53            android:name="com.intishaka.ops_mobile.MainActivity"
54            android:configChanges="orientation|keyboardHidden|keyboard|screenSize|smallestScreenSize|locale|layoutDirection|fontScale|screenLayout|density|uiMode"
55            android:enableOnBackInvokedCallback="true"
56            android:exported="true"
57            android:hardwareAccelerated="true"
58            android:launchMode="singleTop"
59            android:theme="@style/LaunchTheme"
60            android:windowSoftInputMode="adjustResize" >
61
62            <!--
63                 Specifies an Android theme to apply to this Activity as soon as
64                 the Android process has started. This theme is visible to the user
65                 while the Flutter UI initializes. After that, this theme continues
66                 to determine the Window background behind the Flutter UI.
67            -->
68            <meta-data
69                android:name="io.flutter.embedding.android.NormalTheme"
70                android:resource="@style/NormalTheme" />
71
72            <intent-filter>
73                <action android:name="android.intent.action.MAIN" />
74
75                <category android:name="android.intent.category.LAUNCHER" />
76            </intent-filter>
77        </activity>
78        <!--
79             Don't delete the meta-data below.
80             This is used by the Flutter tool to generate GeneratedPluginRegistrant.java
81        -->
82        <meta-data
83            android:name="flutterEmbedding"
84            android:value="2" />
85
86        <service
86-->[:firebase_crashlytics] AndroidManifest.xml:8:9-12:19
87            android:name="com.google.firebase.components.ComponentDiscoveryService"
87-->[:firebase_crashlytics] AndroidManifest.xml:8:18-89
88            android:directBootAware="true"
88-->[com.google.firebase:firebase-common:21.0.0] AndroidManifest.xml:32:13-43
89            android:exported="false" >
89-->[com.google.firebase:firebase-messaging:24.0.1] AndroidManifest.xml:56:13-37
90            <meta-data
90-->[:firebase_crashlytics] AndroidManifest.xml:9:13-11:85
91                android:name="com.google.firebase.components:io.flutter.plugins.firebase.crashlytics.FlutterFirebaseAppRegistrar"
91-->[:firebase_crashlytics] AndroidManifest.xml:10:17-130
92                android:value="com.google.firebase.components.ComponentRegistrar" />
92-->[:firebase_crashlytics] AndroidManifest.xml:11:17-82
93            <meta-data
93-->[:firebase_messaging] AndroidManifest.xml:36:13-38:85
94                android:name="com.google.firebase.components:io.flutter.plugins.firebase.messaging.FlutterFirebaseAppRegistrar"
94-->[:firebase_messaging] AndroidManifest.xml:37:17-128
95                android:value="com.google.firebase.components.ComponentRegistrar" />
95-->[:firebase_messaging] AndroidManifest.xml:38:17-82
96            <meta-data
96-->[:firebase_core] AndroidManifest.xml:9:13-11:85
97                android:name="com.google.firebase.components:io.flutter.plugins.firebase.core.FlutterFirebaseCoreRegistrar"
97-->[:firebase_core] AndroidManifest.xml:10:17-124
98                android:value="com.google.firebase.components.ComponentRegistrar" />
98-->[:firebase_core] AndroidManifest.xml:11:17-82
99            <meta-data
99-->[com.google.firebase:firebase-messaging:24.0.1] AndroidManifest.xml:57:13-59:85
100                android:name="com.google.firebase.components:com.google.firebase.messaging.FirebaseMessagingKtxRegistrar"
100-->[com.google.firebase:firebase-messaging:24.0.1] AndroidManifest.xml:58:17-122
101                android:value="com.google.firebase.components.ComponentRegistrar" />
101-->[com.google.firebase:firebase-messaging:24.0.1] AndroidManifest.xml:59:17-82
102            <meta-data
102-->[com.google.firebase:firebase-messaging:24.0.1] AndroidManifest.xml:60:13-62:85
103                android:name="com.google.firebase.components:com.google.firebase.messaging.FirebaseMessagingRegistrar"
103-->[com.google.firebase:firebase-messaging:24.0.1] AndroidManifest.xml:61:17-119
104                android:value="com.google.firebase.components.ComponentRegistrar" />
104-->[com.google.firebase:firebase-messaging:24.0.1] AndroidManifest.xml:62:17-82
105            <meta-data
105-->[com.google.firebase:firebase-crashlytics:19.1.0] AndroidManifest.xml:15:13-17:85
106                android:name="com.google.firebase.components:com.google.firebase.crashlytics.FirebaseCrashlyticsKtxRegistrar"
106-->[com.google.firebase:firebase-crashlytics:19.1.0] AndroidManifest.xml:16:17-126
107                android:value="com.google.firebase.components.ComponentRegistrar" />
107-->[com.google.firebase:firebase-crashlytics:19.1.0] AndroidManifest.xml:17:17-82
108            <meta-data
108-->[com.google.firebase:firebase-crashlytics:19.1.0] AndroidManifest.xml:18:13-20:85
109                android:name="com.google.firebase.components:com.google.firebase.crashlytics.CrashlyticsRegistrar"
109-->[com.google.firebase:firebase-crashlytics:19.1.0] AndroidManifest.xml:19:17-115
110                android:value="com.google.firebase.components.ComponentRegistrar" />
110-->[com.google.firebase:firebase-crashlytics:19.1.0] AndroidManifest.xml:20:17-82
111            <meta-data
111-->[com.google.firebase:firebase-sessions:2.0.4] AndroidManifest.xml:29:13-31:85
112                android:name="com.google.firebase.components:com.google.firebase.sessions.FirebaseSessionsRegistrar"
112-->[com.google.firebase:firebase-sessions:2.0.4] AndroidManifest.xml:30:17-117
113                android:value="com.google.firebase.components.ComponentRegistrar" />
113-->[com.google.firebase:firebase-sessions:2.0.4] AndroidManifest.xml:31:17-82
114            <meta-data
114-->[com.google.firebase:firebase-installations:18.0.0] AndroidManifest.xml:15:13-17:85
115                android:name="com.google.firebase.components:com.google.firebase.installations.FirebaseInstallationsKtxRegistrar"
115-->[com.google.firebase:firebase-installations:18.0.0] AndroidManifest.xml:16:17-130
116                android:value="com.google.firebase.components.ComponentRegistrar" />
116-->[com.google.firebase:firebase-installations:18.0.0] AndroidManifest.xml:17:17-82
117            <meta-data
117-->[com.google.firebase:firebase-installations:18.0.0] AndroidManifest.xml:18:13-20:85
118                android:name="com.google.firebase.components:com.google.firebase.installations.FirebaseInstallationsRegistrar"
118-->[com.google.firebase:firebase-installations:18.0.0] AndroidManifest.xml:19:17-127
119                android:value="com.google.firebase.components.ComponentRegistrar" />
119-->[com.google.firebase:firebase-installations:18.0.0] AndroidManifest.xml:20:17-82
120            <meta-data
120-->[com.google.firebase:firebase-common-ktx:21.0.0] AndroidManifest.xml:12:13-14:85
121                android:name="com.google.firebase.components:com.google.firebase.ktx.FirebaseCommonLegacyRegistrar"
121-->[com.google.firebase:firebase-common-ktx:21.0.0] AndroidManifest.xml:13:17-116
122                android:value="com.google.firebase.components.ComponentRegistrar" />
122-->[com.google.firebase:firebase-common-ktx:21.0.0] AndroidManifest.xml:14:17-82
123            <meta-data
123-->[com.google.firebase:firebase-common:21.0.0] AndroidManifest.xml:35:13-37:85
124                android:name="com.google.firebase.components:com.google.firebase.FirebaseCommonKtxRegistrar"
124-->[com.google.firebase:firebase-common:21.0.0] AndroidManifest.xml:36:17-109
125                android:value="com.google.firebase.components.ComponentRegistrar" />
125-->[com.google.firebase:firebase-common:21.0.0] AndroidManifest.xml:37:17-82
126            <meta-data
126-->[com.google.firebase:firebase-datatransport:19.0.0] AndroidManifest.xml:25:13-27:85
127                android:name="com.google.firebase.components:com.google.firebase.datatransport.TransportRegistrar"
127-->[com.google.firebase:firebase-datatransport:19.0.0] AndroidManifest.xml:26:17-115
128                android:value="com.google.firebase.components.ComponentRegistrar" />
128-->[com.google.firebase:firebase-datatransport:19.0.0] AndroidManifest.xml:27:17-82
129        </service>
130        <service
130-->[:firebase_messaging] AndroidManifest.xml:14:9-17:72
131            android:name="io.flutter.plugins.firebase.messaging.FlutterFirebaseMessagingBackgroundService"
131-->[:firebase_messaging] AndroidManifest.xml:15:13-107
132            android:exported="false"
132-->[:firebase_messaging] AndroidManifest.xml:16:13-37
133            android:permission="android.permission.BIND_JOB_SERVICE" />
133-->[:firebase_messaging] AndroidManifest.xml:17:13-69
134        <service
134-->[:firebase_messaging] AndroidManifest.xml:18:9-24:19
135            android:name="io.flutter.plugins.firebase.messaging.FlutterFirebaseMessagingService"
135-->[:firebase_messaging] AndroidManifest.xml:19:13-97
136            android:exported="false" >
136-->[:firebase_messaging] AndroidManifest.xml:20:13-37
137            <intent-filter>
137-->[:firebase_messaging] AndroidManifest.xml:21:13-23:29
138                <action android:name="com.google.firebase.MESSAGING_EVENT" />
138-->[:firebase_messaging] AndroidManifest.xml:22:17-78
138-->[:firebase_messaging] AndroidManifest.xml:22:25-75
139            </intent-filter>
140        </service>
141
142        <receiver
142-->[:firebase_messaging] AndroidManifest.xml:26:9-33:20
143            android:name="io.flutter.plugins.firebase.messaging.FlutterFirebaseMessagingReceiver"
143-->[:firebase_messaging] AndroidManifest.xml:27:13-98
144            android:exported="true"
144-->[:firebase_messaging] AndroidManifest.xml:28:13-36
145            android:permission="com.google.android.c2dm.permission.SEND" >
145-->[:firebase_messaging] AndroidManifest.xml:29:13-73
146            <intent-filter>
146-->[:firebase_messaging] AndroidManifest.xml:30:13-32:29
147                <action android:name="com.google.android.c2dm.intent.RECEIVE" />
147-->[:firebase_messaging] AndroidManifest.xml:31:17-81
147-->[:firebase_messaging] AndroidManifest.xml:31:25-78
148            </intent-filter>
149        </receiver>
150
151        <provider
151-->[:firebase_messaging] AndroidManifest.xml:41:9-45:38
152            android:name="io.flutter.plugins.firebase.messaging.FlutterFirebaseMessagingInitProvider"
152-->[:firebase_messaging] AndroidManifest.xml:42:13-102
153            android:authorities="com.intishaka.ops_mobile.flutterfirebasemessaginginitprovider"
153-->[:firebase_messaging] AndroidManifest.xml:43:13-88
154            android:exported="false"
154-->[:firebase_messaging] AndroidManifest.xml:44:13-37
155            android:initOrder="99" />
155-->[:firebase_messaging] AndroidManifest.xml:45:13-35
156
157        <activity
157-->[:flutter_inappwebview_android] AndroidManifest.xml:14:9-18:47
158            android:name="com.pichillilorenzo.flutter_inappwebview_android.in_app_browser.InAppBrowserActivity"
158-->[:flutter_inappwebview_android] AndroidManifest.xml:15:13-112
159            android:configChanges="orientation|keyboardHidden|keyboard|screenSize|locale|layoutDirection|fontScale|screenLayout|density"
159-->[:flutter_inappwebview_android] AndroidManifest.xml:16:13-137
160            android:exported="false"
160-->[:flutter_inappwebview_android] AndroidManifest.xml:17:13-37
161            android:theme="@style/AppTheme" />
161-->[:flutter_inappwebview_android] AndroidManifest.xml:18:13-44
162        <activity
162-->[:flutter_inappwebview_android] AndroidManifest.xml:19:9-22:55
163            android:name="com.pichillilorenzo.flutter_inappwebview_android.chrome_custom_tabs.ChromeCustomTabsActivity"
163-->[:flutter_inappwebview_android] AndroidManifest.xml:20:13-120
164            android:exported="false"
164-->[:flutter_inappwebview_android] AndroidManifest.xml:21:13-37
165            android:theme="@style/ThemeTransparent" />
165-->[:flutter_inappwebview_android] AndroidManifest.xml:22:13-52
166        <activity
166-->[:flutter_inappwebview_android] AndroidManifest.xml:23:9-26:55
167            android:name="com.pichillilorenzo.flutter_inappwebview_android.chrome_custom_tabs.TrustedWebActivity"
167-->[:flutter_inappwebview_android] AndroidManifest.xml:24:13-114
168            android:exported="false"
168-->[:flutter_inappwebview_android] AndroidManifest.xml:25:13-37
169            android:theme="@style/ThemeTransparent" />
169-->[:flutter_inappwebview_android] AndroidManifest.xml:26:13-52
170        <activity
170-->[:flutter_inappwebview_android] AndroidManifest.xml:27:9-31:55
171            android:name="com.pichillilorenzo.flutter_inappwebview_android.chrome_custom_tabs.ChromeCustomTabsActivitySingleInstance"
171-->[:flutter_inappwebview_android] AndroidManifest.xml:28:13-134
172            android:exported="false"
172-->[:flutter_inappwebview_android] AndroidManifest.xml:29:13-37
173            android:launchMode="singleInstance"
173-->[:flutter_inappwebview_android] AndroidManifest.xml:30:13-48
174            android:theme="@style/ThemeTransparent" />
174-->[:flutter_inappwebview_android] AndroidManifest.xml:31:13-52
175        <activity
175-->[:flutter_inappwebview_android] AndroidManifest.xml:32:9-36:55
176            android:name="com.pichillilorenzo.flutter_inappwebview_android.chrome_custom_tabs.TrustedWebActivitySingleInstance"
176-->[:flutter_inappwebview_android] AndroidManifest.xml:33:13-128
177            android:exported="false"
177-->[:flutter_inappwebview_android] AndroidManifest.xml:34:13-37
178            android:launchMode="singleInstance"
178-->[:flutter_inappwebview_android] AndroidManifest.xml:35:13-48
179            android:theme="@style/ThemeTransparent" />
179-->[:flutter_inappwebview_android] AndroidManifest.xml:36:13-52
180
181        <receiver
181-->[:flutter_inappwebview_android] AndroidManifest.xml:38:9-41:40
182            android:name="com.pichillilorenzo.flutter_inappwebview_android.chrome_custom_tabs.ActionBroadcastReceiver"
182-->[:flutter_inappwebview_android] AndroidManifest.xml:39:13-119
183            android:enabled="true"
183-->[:flutter_inappwebview_android] AndroidManifest.xml:40:13-35
184            android:exported="false" />
184-->[:flutter_inappwebview_android] AndroidManifest.xml:41:13-37
185
186        <meta-data
186-->[:flutter_inappwebview_android] AndroidManifest.xml:43:9-45:36
187            android:name="io.flutter.embedded_views_preview"
187-->[:flutter_inappwebview_android] AndroidManifest.xml:44:13-61
188            android:value="true" />
188-->[:flutter_inappwebview_android] AndroidManifest.xml:45:13-33
189
190        <provider
190-->[:image_picker_android] AndroidManifest.xml:8:9-16:20
191            android:name="io.flutter.plugins.imagepicker.ImagePickerFileProvider"
191-->[:image_picker_android] AndroidManifest.xml:9:13-82
192            android:authorities="com.intishaka.ops_mobile.flutter.image_provider"
192-->[:image_picker_android] AndroidManifest.xml:10:13-74
193            android:exported="false"
193-->[:image_picker_android] AndroidManifest.xml:11:13-37
194            android:grantUriPermissions="true" >
194-->[:image_picker_android] AndroidManifest.xml:12:13-47
195            <meta-data
195-->[:image_picker_android] AndroidManifest.xml:13:13-15:75
196                android:name="android.support.FILE_PROVIDER_PATHS"
196-->[:image_picker_android] AndroidManifest.xml:14:17-67
197                android:resource="@xml/flutter_image_picker_file_paths" />
197-->[:image_picker_android] AndroidManifest.xml:15:17-72
198        </provider>
199
200        <service
200-->[:geolocator_android] AndroidManifest.xml:8:9-12:56
201            android:name="com.baseflow.geolocator.GeolocatorLocationService"
201-->[:geolocator_android] AndroidManifest.xml:9:13-77
202            android:enabled="true"
202-->[:geolocator_android] AndroidManifest.xml:10:13-35
203            android:exported="false"
203-->[:geolocator_android] AndroidManifest.xml:11:13-37
204            android:foregroundServiceType="location" />
204-->[:geolocator_android] AndroidManifest.xml:12:13-53
205
206        <provider
206-->[:open_filex] AndroidManifest.xml:16:9-25:20
207            android:name="com.crazecoder.openfile.FileProvider"
207-->[:open_filex] AndroidManifest.xml:17:13-64
208            android:authorities="com.intishaka.ops_mobile.fileProvider.com.crazecoder.openfile"
208-->[:open_filex] AndroidManifest.xml:18:13-88
209            android:exported="false"
209-->[:open_filex] AndroidManifest.xml:19:13-37
210            android:grantUriPermissions="true" >
210-->[:open_filex] AndroidManifest.xml:20:13-47
211            <meta-data
211-->[:image_picker_android] AndroidManifest.xml:13:13-15:75
212                android:name="android.support.FILE_PROVIDER_PATHS"
212-->[:image_picker_android] AndroidManifest.xml:14:17-67
213                android:resource="@xml/filepaths" />
213-->[:image_picker_android] AndroidManifest.xml:15:17-72
214        </provider>
215        <!--
216           Declares a provider which allows us to store files to share in
217           '.../caches/share_plus' and grant the receiving action access
218        -->
219        <provider
219-->[:share_plus] AndroidManifest.xml:13:9-21:20
220            android:name="dev.fluttercommunity.plus.share.ShareFileProvider"
220-->[:share_plus] AndroidManifest.xml:14:13-77
221            android:authorities="com.intishaka.ops_mobile.flutter.share_provider"
221-->[:share_plus] AndroidManifest.xml:15:13-74
222            android:exported="false"
222-->[:share_plus] AndroidManifest.xml:16:13-37
223            android:grantUriPermissions="true" >
223-->[:share_plus] AndroidManifest.xml:17:13-47
224            <meta-data
224-->[:image_picker_android] AndroidManifest.xml:13:13-15:75
225                android:name="android.support.FILE_PROVIDER_PATHS"
225-->[:image_picker_android] AndroidManifest.xml:14:17-67
226                android:resource="@xml/flutter_share_file_paths" />
226-->[:image_picker_android] AndroidManifest.xml:15:17-72
227        </provider>
228        <!--
229           This manifest declared broadcast receiver allows us to use an explicit
230           Intent when creating a PendingItent to be informed of the user's choice
231        -->
232        <receiver
232-->[:share_plus] AndroidManifest.xml:26:9-32:20
233            android:name="dev.fluttercommunity.plus.share.SharePlusPendingIntent"
233-->[:share_plus] AndroidManifest.xml:27:13-82
234            android:exported="false" >
234-->[:share_plus] AndroidManifest.xml:28:13-37
235            <intent-filter>
235-->[:share_plus] AndroidManifest.xml:29:13-31:29
236                <action android:name="EXTRA_CHOSEN_COMPONENT" />
236-->[:share_plus] AndroidManifest.xml:30:17-65
236-->[:share_plus] AndroidManifest.xml:30:25-62
237            </intent-filter>
238        </receiver>
239
240        <activity
240-->[:url_launcher_android] AndroidManifest.xml:8:9-11:74
241            android:name="io.flutter.plugins.urllauncher.WebViewActivity"
241-->[:url_launcher_android] AndroidManifest.xml:9:13-74
242            android:exported="false"
242-->[:url_launcher_android] AndroidManifest.xml:10:13-37
243            android:theme="@android:style/Theme.NoTitleBar.Fullscreen" />
243-->[:url_launcher_android] AndroidManifest.xml:11:13-71
244
245        <uses-library
245-->[androidx.window:window:1.2.0] AndroidManifest.xml:23:9-25:40
246            android:name="androidx.window.extensions"
246-->[androidx.window:window:1.2.0] AndroidManifest.xml:24:13-54
247            android:required="false" />
247-->[androidx.window:window:1.2.0] AndroidManifest.xml:25:13-37
248        <uses-library
248-->[androidx.window:window:1.2.0] AndroidManifest.xml:26:9-28:40
249            android:name="androidx.window.sidecar"
249-->[androidx.window:window:1.2.0] AndroidManifest.xml:27:13-51
250            android:required="false" />
250-->[androidx.window:window:1.2.0] AndroidManifest.xml:28:13-37
251
252        <provider
252-->[androidx.emoji2:emoji2:1.2.0] AndroidManifest.xml:24:9-32:20
253            android:name="androidx.startup.InitializationProvider"
253-->[androidx.emoji2:emoji2:1.2.0] AndroidManifest.xml:25:13-67
254            android:authorities="com.intishaka.ops_mobile.androidx-startup"
254-->[androidx.emoji2:emoji2:1.2.0] AndroidManifest.xml:26:13-68
255            android:exported="false" >
255-->[androidx.emoji2:emoji2:1.2.0] AndroidManifest.xml:27:13-37
256            <meta-data
256-->[androidx.emoji2:emoji2:1.2.0] AndroidManifest.xml:29:13-31:52
257                android:name="androidx.emoji2.text.EmojiCompatInitializer"
257-->[androidx.emoji2:emoji2:1.2.0] AndroidManifest.xml:30:17-75
258                android:value="androidx.startup" />
258-->[androidx.emoji2:emoji2:1.2.0] AndroidManifest.xml:31:17-49
259            <meta-data
259-->[androidx.lifecycle:lifecycle-process:2.7.0] AndroidManifest.xml:29:13-31:52
260                android:name="androidx.lifecycle.ProcessLifecycleInitializer"
260-->[androidx.lifecycle:lifecycle-process:2.7.0] AndroidManifest.xml:30:17-78
261                android:value="androidx.startup" />
261-->[androidx.lifecycle:lifecycle-process:2.7.0] AndroidManifest.xml:31:17-49
262            <meta-data
262-->[androidx.profileinstaller:profileinstaller:1.3.1] AndroidManifest.xml:29:13-31:52
263                android:name="androidx.profileinstaller.ProfileInstallerInitializer"
263-->[androidx.profileinstaller:profileinstaller:1.3.1] AndroidManifest.xml:30:17-85
264                android:value="androidx.startup" />
264-->[androidx.profileinstaller:profileinstaller:1.3.1] AndroidManifest.xml:31:17-49
265        </provider>
266
267        <receiver
267-->[com.google.firebase:firebase-messaging:24.0.1] AndroidManifest.xml:29:9-40:20
268            android:name="com.google.firebase.iid.FirebaseInstanceIdReceiver"
268-->[com.google.firebase:firebase-messaging:24.0.1] AndroidManifest.xml:30:13-78
269            android:exported="true"
269-->[com.google.firebase:firebase-messaging:24.0.1] AndroidManifest.xml:31:13-36
270            android:permission="com.google.android.c2dm.permission.SEND" >
270-->[com.google.firebase:firebase-messaging:24.0.1] AndroidManifest.xml:32:13-73
271            <intent-filter>
271-->[:firebase_messaging] AndroidManifest.xml:30:13-32:29
272                <action android:name="com.google.android.c2dm.intent.RECEIVE" />
272-->[:firebase_messaging] AndroidManifest.xml:31:17-81
272-->[:firebase_messaging] AndroidManifest.xml:31:25-78
273            </intent-filter>
274
275            <meta-data
275-->[com.google.firebase:firebase-messaging:24.0.1] AndroidManifest.xml:37:13-39:40
276                android:name="com.google.android.gms.cloudmessaging.FINISHED_AFTER_HANDLED"
276-->[com.google.firebase:firebase-messaging:24.0.1] AndroidManifest.xml:38:17-92
277                android:value="true" />
277-->[com.google.firebase:firebase-messaging:24.0.1] AndroidManifest.xml:39:17-37
278        </receiver>
279        <!--
280             FirebaseMessagingService performs security checks at runtime,
281             but set to not exported to explicitly avoid allowing another app to call it.
282        -->
283        <service
283-->[com.google.firebase:firebase-messaging:24.0.1] AndroidManifest.xml:46:9-53:19
284            android:name="com.google.firebase.messaging.FirebaseMessagingService"
284-->[com.google.firebase:firebase-messaging:24.0.1] AndroidManifest.xml:47:13-82
285            android:directBootAware="true"
285-->[com.google.firebase:firebase-messaging:24.0.1] AndroidManifest.xml:48:13-43
286            android:exported="false" >
286-->[com.google.firebase:firebase-messaging:24.0.1] AndroidManifest.xml:49:13-37
287            <intent-filter android:priority="-500" >
287-->[:firebase_messaging] AndroidManifest.xml:21:13-23:29
288                <action android:name="com.google.firebase.MESSAGING_EVENT" />
288-->[:firebase_messaging] AndroidManifest.xml:22:17-78
288-->[:firebase_messaging] AndroidManifest.xml:22:25-75
289            </intent-filter>
290        </service>
291
292        <activity
292-->[com.google.android.gms:play-services-base:18.3.0] AndroidManifest.xml:20:9-22:45
293            android:name="com.google.android.gms.common.api.GoogleApiActivity"
293-->[com.google.android.gms:play-services-base:18.3.0] AndroidManifest.xml:20:19-85
294            android:exported="false"
294-->[com.google.android.gms:play-services-base:18.3.0] AndroidManifest.xml:22:19-43
295            android:theme="@android:style/Theme.Translucent.NoTitleBar" />
295-->[com.google.android.gms:play-services-base:18.3.0] AndroidManifest.xml:21:19-78
296
297        <service
297-->[com.google.firebase:firebase-sessions:2.0.4] AndroidManifest.xml:22:9-25:40
298            android:name="com.google.firebase.sessions.SessionLifecycleService"
298-->[com.google.firebase:firebase-sessions:2.0.4] AndroidManifest.xml:23:13-80
299            android:enabled="true"
299-->[com.google.firebase:firebase-sessions:2.0.4] AndroidManifest.xml:24:13-35
300            android:exported="false" />
300-->[com.google.firebase:firebase-sessions:2.0.4] AndroidManifest.xml:25:13-37
301
302        <provider
302-->[com.google.firebase:firebase-common:21.0.0] AndroidManifest.xml:23:9-28:39
303            android:name="com.google.firebase.provider.FirebaseInitProvider"
303-->[com.google.firebase:firebase-common:21.0.0] AndroidManifest.xml:24:13-77
304            android:authorities="com.intishaka.ops_mobile.firebaseinitprovider"